PortDuSaguenayAPP/AndroidBuild/unityLibrary/build/intermediates/manifest_merge_blame_file/debug/manifest-merger-blame-debug-report.txt
1<?xml version="1.0" encoding="utf-8"?>
2<manifest xmlns:android="http://schemas.android.com/apk/res/android"
3    xmlns:tools="http://schemas.android.com/tools"
4    package="com.unity3d.player" >
5
6    <uses-sdk
7        android:minSdkVersion="30"
7-->src\main\AndroidManifest.xml
8        android:targetSdkVersion="30" />
8-->src\main\AndroidManifest.xml
9
10    <uses-feature android:glEsVersion="0x00020000" />
10-->src\main\AndroidManifest.xml:17:3-52
10-->src\main\AndroidManifest.xml:17:17-49
11
12    <uses-permission android:name="android.permission.INTERNET" />
12-->src\main\AndroidManifest.xml:18:3-65
12-->src\main\AndroidManifest.xml:18:20-62
13    <uses-permission android:name="android.permission.ACCESS_FINE_LOCATION" />
13-->src\main\AndroidManifest.xml:19:3-77
13-->src\main\AndroidManifest.xml:19:20-74
14
15    <uses-feature
15-->src\main\AndroidManifest.xml:20:3-89
16        android:name="android.hardware.location.gps"
16-->src\main\AndroidManifest.xml:20:17-61
17        android:required="false" />
17-->src\main\AndroidManifest.xml:20:62-86
18    <uses-feature
18-->src\main\AndroidManifest.xml:21:3-85
19        android:name="android.hardware.location"
19-->src\main\AndroidManifest.xml:21:17-57
20        android:required="false" />
20-->src\main\AndroidManifest.xml:21:58-82
21
22    <uses-permission android:name="android.permission.CAMERA" />
22-->src\main\AndroidManifest.xml:22:3-63
22-->src\main\AndroidManifest.xml:22:20-60
23
24    <uses-feature
24-->src\main\AndroidManifest.xml:23:3-83
25        android:name="android.hardware.camera"
25-->src\main\AndroidManifest.xml:23:17-55
26        android:required="false" />
26-->src\main\AndroidManifest.xml:23:56-80
27    <uses-feature
27-->src\main\AndroidManifest.xml:24:3-93
28        android:name="android.hardware.camera.autofocus"
28-->src\main\AndroidManifest.xml:24:17-65
29        android:required="false" />
29-->src\main\AndroidManifest.xml:24:66-90
30    <uses-feature
30-->src\main\AndroidManifest.xml:25:3-89
31        android:name="android.hardware.camera.front"
31-->src\main\AndroidManifest.xml:25:17-61
32        android:required="false" />
32-->src\main\AndroidManifest.xml:25:62-86
33
34    <uses-permission android:name="android.permission.WRITE_EXTERNAL_STORAGE" />
34-->src\main\AndroidManifest.xml:26:3-79
34-->src\main\AndroidManifest.xml:26:20-76
35
36    <uses-feature
36-->src\main\AndroidManifest.xml:27:3-88
37        android:name="android.hardware.touchscreen"
37-->src\main\AndroidManifest.xml:27:17-60
38        android:required="false" />
38-->src\main\AndroidManifest.xml:27:61-85
39    <uses-feature
39-->src\main\AndroidManifest.xml:28:3-99
40        android:name="android.hardware.touchscreen.multitouch"
40-->src\main\AndroidManifest.xml:28:17-71
41        android:required="false" />
41-->src\main\AndroidManifest.xml:28:72-96
42    <uses-feature
42-->src\main\AndroidManifest.xml:29:3-108
43        android:name="android.hardware.touchscreen.multitouch.distinct"
43-->src\main\AndroidManifest.xml:29:17-80
44        android:required="false" />
44-->src\main\AndroidManifest.xml:29:81-105
45    <uses-feature
45-->src\main\AndroidManifest.xml:30:3-85
46        android:name="android.hardware.camera.ar"
46-->src\main\AndroidManifest.xml:30:17-58
47        android:required="true" />
47-->src\main\AndroidManifest.xml:30:59-82
48    <uses-feature
48-->src\main\AndroidManifest.xml:31:3-83
49        android:name="com.google.ar.core.depth"
49-->src\main\AndroidManifest.xml:31:17-56
50        android:required="true" />
50-->src\main\AndroidManifest.xml:31:57-80
51
52    <application android:extractNativeLibs="true" >
52-->src\main\AndroidManifest.xml:3:3-16:17
52-->src\main\AndroidManifest.xml:3:16-48
53        <activity
53-->src\main\AndroidManifest.xml:4:5-8:16
54            android:name="com.unity3d.player.UnityPlayerActivity"
54-->src\main\AndroidManifest.xml:4:15-68
55            android:configChanges="mcc|mnc|locale|touchscreen|keyboard|keyboardHidden|navigation|orientation|screenLayout|uiMode|screenSize|smallestScreenSize|fontScale|layoutDirection|density"
55-->src\main\AndroidManifest.xml:4:182-363
56            android:hardwareAccelerated="false"
56-->src\main\AndroidManifest.xml:4:399-434
57            android:launchMode="singleTask"
57-->src\main\AndroidManifest.xml:4:150-181
58            android:resizeableActivity="false"
58-->src\main\AndroidManifest.xml:4:364-398
59            android:screenOrientation="fullSensor"
59-->src\main\AndroidManifest.xml:4:111-149
60            android:theme="@style/UnityThemeSelector" >
60-->src\main\AndroidManifest.xml:4:69-110
61            <meta-data
61-->src\main\AndroidManifest.xml:6:7-82
62                android:name="unityplayer.UnityActivity"
62-->src\main\AndroidManifest.xml:6:18-58
63                android:value="true" />
63-->src\main\AndroidManifest.xml:6:59-79
64            <meta-data
64-->src\main\AndroidManifest.xml:7:7-78
65                android:name="android.notch_support"
65-->src\main\AndroidManifest.xml:7:18-54
66                android:value="true" />
66-->src\main\AndroidManifest.xml:7:55-75
67        </activity>
68
69        <meta-data
69-->src\main\AndroidManifest.xml:9:5-69
70            android:name="unity.splash-mode"
70-->src\main\AndroidManifest.xml:9:16-48
71            android:value="0" />
71-->src\main\AndroidManifest.xml:9:49-66
72        <meta-data
72-->src\main\AndroidManifest.xml:10:5-74
73            android:name="unity.splash-enable"
73-->src\main\AndroidManifest.xml:10:16-50
74            android:value="True" />
74-->src\main\AndroidManifest.xml:10:51-71
75        <meta-data
75-->src\main\AndroidManifest.xml:11:5-78
76            android:name="unity.launch-fullscreen"
76-->src\main\AndroidManifest.xml:11:16-54
77            android:value="True" />
77-->src\main\AndroidManifest.xml:11:55-75
78        <meta-data
78-->src\main\AndroidManifest.xml:12:5-84
79            android:name="unity.allow-resizable-window"
79-->src\main\AndroidManifest.xml:12:16-59
80            android:value="False" />
80-->src\main\AndroidManifest.xml:12:60-81
81        <meta-data
81-->src\main\AndroidManifest.xml:13:5-81
82            android:name="notch.config"
82-->src\main\AndroidManifest.xml:13:16-43
83            android:value="portrait|landscape" />
83-->src\main\AndroidManifest.xml:13:44-78
84        <meta-data
84-->src\main\AndroidManifest.xml:14:5-77
85            android:name="com.google.ar.core"
85-->src\main\AndroidManifest.xml:14:16-49
86            android:value="required" />
86-->src\main\AndroidManifest.xml:14:50-74
87        <meta-data
87-->src\main\AndroidManifest.xml:15:5-88
88            android:name="unityplayer.SkipPermissionsDialog"
88-->src\main\AndroidManifest.xml:15:16-64
89            android:value="true" />
89-->src\main\AndroidManifest.xml:15:65-85
90    </application>
91
92</manifest>